Watching for file changes with StatReloader
"POST /validate/numeric_constraints/ HTTP/1.1" 200 84
"POST /validate/numeric_constraints/ HTTP/1.1" 200 84
"POST /validate/numeric_constraints/ HTTP/1.1" 200 80
"POST /validate/numeric_constraints/ HTTP/1.1" 200 81
"POST /validate/numeric_constraints/ HTTP/1.1" 200 95
"POST /validate/numeric_constraints/ HTTP/1.1" 200 84
Bad Request: /validate/numeric_constraints/
"POST /validate/numeric_constraints/ HTTP/1.1" 400 44
Watching for file changes with StatReloader
Not Found: /
"GET / HTTP/1.1" 404 2300
Not Found: /favicon.ico
"GET /favicon.ico HTTP/1.1" 404 2351
Method Not Allowed: /validate/finite_values/
"GET /validate/finite_values/ HTTP/1.1" 405 5665
"GET /static/rest_framework/css/default.css HTTP/1.1" 200 1131
"GET /static/rest_framework/css/prettify.css HTTP/1.1" 200 817
"GET /static/rest_framework/css/bootstrap-tweaks.css HTTP/1.1" 200 3385
"GET /static/rest_framework/css/bootstrap.min.css HTTP/1.1" 200 121457
"GET /static/rest_framework/js/csrf.js HTTP/1.1" 200 1719
"GET /static/rest_framework/js/ajax-form.js HTTP/1.1" 200 3597
"GET /static/rest_framework/js/default.js HTTP/1.1" 200 1268
"GET /static/rest_framework/js/prettify-min.js HTTP/1.1" 200 13632
"GET /static/rest_framework/img/grid.png HTTP/1.1" 200 1458
"GET /static/rest_framework/js/bootstrap.min.js HTTP/1.1" 200 39680
"GET /static/rest_framework/js/jquery-3.5.1.min.js HTTP/1.1" 200 89476
Watching for file changes with StatReloader
Not Found: /
"GET / HTTP/1.1" 404 2300
"GET /admin/ HTTP/1.1" 302 0
"GET /admin/login/?next=/admin/ HTTP/1.1" 200 2194
"GET /static/admin/css/nav_sidebar.css HTTP/1.1" 200 2138
"GET /static/admin/css/login.css HTTP/1.1" 200 1185
"GET /static/admin/css/base.css HTTP/1.1" 200 16307
"GET /static/admin/css/fonts.css HTTP/1.1" 200 423
"GET /static/admin/css/responsive.css HTTP/1.1" 200 18344
"GET /static/admin/js/nav_sidebar.js HTTP/1.1" 200 1360
"GET /static/admin/fonts/Roboto-Regular-webfont.woff HTTP/1.1" 200 85876
"GET /static/admin/fonts/Roboto-Light-webfont.woff HTTP/1.1" 200 85692
Watching for file changes with StatReloader
"GET /admin/login/?next=/admin/ HTTP/1.1" 200 2194
"GET /static/admin/css/base.css HTTP/1.1" 304 0
"GET /static/admin/css/login.css HTTP/1.1" 304 0
"GET /static/admin/css/nav_sidebar.css HTTP/1.1" 304 0
"GET /static/admin/css/responsive.css HTTP/1.1" 304 0
"GET /static/admin/js/nav_sidebar.js HTTP/1.1" 304 0
"GET /static/admin/css/fonts.css HTTP/1.1" 304 0
"GET /static/admin/fonts/Roboto-Regular-webfont.woff HTTP/1.1" 304 0
"GET /static/admin/fonts/Roboto-Light-webfont.woff HTTP/1.1" 304 0
"POST /admin/login/?next=/admin/ HTTP/1.1" 302 0
"GET /admin/ HTTP/1.1" 200 3307
"GET /static/admin/css/dashboard.css HTTP/1.1" 200 380
"GET /static/admin/img/icon-changelink.svg HTTP/1.1" 200 380
"GET /static/admin/img/icon-addlink.svg HTTP/1.1" 200 331
"GET /static/admin/fonts/Roboto-Bold-webfont.woff HTTP/1.1" 200 86184
Not Found: /
"GET / HTTP/1.1" 404 2300
Not Found: /
"GET / HTTP/1.1" 404 2300
"GET /admin/ HTTP/1.1" 200 3307
"GET /admin/auth/group/add/ HTTP/1.1" 200 7599
"GET /admin/jsi18n/ HTTP/1.1" 200 3187
"GET /static/admin/css/forms.css HTTP/1.1" 200 8423
"GET /static/admin/js/jquery.init.js HTTP/1.1" 200 347
"GET /static/admin/js/actions.js HTTP/1.1" 200 6783
"GET /static/admin/js/SelectBox.js HTTP/1.1" 200 4257
"GET /static/admin/js/core.js HTTP/1.1" 200 5418
"GET /static/admin/js/prepopulate.js HTTP/1.1" 200 1531
"GET /static/admin/css/widgets.css HTTP/1.1" 200 10592
"GET /static/admin/js/SelectFilter2.js HTTP/1.1" 200 12350
"GET /static/admin/js/admin/RelatedObjectLookups.js HTTP/1.1" 200 6078
"GET /static/admin/js/prepopulate_init.js HTTP/1.1" 200 492
"GET /static/admin/js/urlify.js HTTP/1.1" 200 8632
"GET /static/admin/js/vendor/jquery/jquery.js HTTP/1.1" 200 287630
"GET /static/admin/js/change_form.js HTTP/1.1" 200 606
"GET /static/admin/js/vendor/xregexp/xregexp.js HTTP/1.1" 200 232381
"GET /static/admin/img/icon-unknown.svg HTTP/1.1" 200 655
"GET /static/admin/img/selector-icons.svg HTTP/1.1" 200 3291
"GET /static/admin/img/search.svg HTTP/1.1" 200 458
"GET /static/admin/img/icon-unknown-alt.svg HTTP/1.1" 200 655
"GET /admin/auth/user/ HTTP/1.1" 200 7818
"GET /admin/jsi18n/ HTTP/1.1" 200 3187
"GET /static/admin/css/changelists.css HTTP/1.1" 200 6302
"GET /static/admin/img/icon-yes.svg HTTP/1.1" 200 436
"GET /static/admin/img/tooltag-add.svg HTTP/1.1" 200 331
"GET /static/admin/img/sorting-icons.svg HTTP/1.1" 200 1097
Not Found: /
"GET / HTTP/1.1" 404 2300
Not Found: /admin/validate/finite_values/
"GET /admin/validate/finite_values/ HTTP/1.1" 404 4137
Method Not Allowed: /validate/finite_values/
"GET /validate/finite_values/ HTTP/1.1" 405 5700
"GET /static/rest_framework/css/bootstrap.min.css HTTP/1.1" 304 0
"GET /static/rest_framework/css/bootstrap-tweaks.css HTTP/1.1" 304 0
"GET /static/rest_framework/css/prettify.css HTTP/1.1" 304 0
"GET /static/rest_framework/css/default.css HTTP/1.1" 304 0
"GET /static/rest_framework/js/ajax-form.js HTTP/1.1" 304 0
"GET /static/rest_framework/js/jquery-3.5.1.min.js HTTP/1.1" 304 0
"GET /static/rest_framework/js/csrf.js HTTP/1.1" 304 0
"GET /static/rest_framework/js/bootstrap.min.js HTTP/1.1" 304 0
"GET /static/rest_framework/js/prettify-min.js HTTP/1.1" 304 0
"GET /static/rest_framework/js/default.js HTTP/1.1" 304 0
"GET /static/rest_framework/img/grid.png HTTP/1.1" 304 0
"GET /admin/auth/user/ HTTP/1.1" 200 7818
"GET /admin/auth/user/ HTTP/1.1" 200 7818
Not Found: /
"GET / HTTP/1.1" 404 2300
Method Not Allowed: /validate/finite_values/
"GET /validate/finite_values/ HTTP/1.1" 405 5700
Watching for file changes with StatReloader
"GET /admin/ HTTP/1.1" 200 3307
"GET /static/admin/css/nav_sidebar.css HTTP/1.1" 304 0
"GET /static/admin/css/base.css HTTP/1.1" 304 0
"GET /static/admin/css/responsive.css HTTP/1.1" 304 0
"GET /static/admin/css/dashboard.css HTTP/1.1" 304 0
"GET /static/admin/js/nav_sidebar.js HTTP/1.1" 304 0
"GET /static/admin/css/fonts.css HTTP/1.1" 304 0
"GET /static/admin/img/icon-addlink.svg HTTP/1.1" 304 0
"GET /static/admin/img/icon-changelink.svg HTTP/1.1" 304 0
"GET /static/admin/fonts/Roboto-Regular-webfont.woff HTTP/1.1" 304 0
"GET /static/admin/fonts/Roboto-Light-webfont.woff HTTP/1.1" 304 0
"GET /static/admin/fonts/Roboto-Bold-webfont.woff HTTP/1.1" 304 0
Not Found: /
"GET / HTTP/1.1" 404 2300
Method Not Allowed: /validate/finite_values/
"GET /validate/finite_values/ HTTP/1.1" 405 5700
"GET /static/rest_framework/css/bootstrap.min.css HTTP/1.1" 304 0
"GET /static/rest_framework/css/bootstrap-tweaks.css HTTP/1.1" 304 0
"GET /static/rest_framework/css/prettify.css HTTP/1.1" 304 0
"GET /static/rest_framework/css/default.css HTTP/1.1" 304 0
"GET /static/rest_framework/js/jquery-3.5.1.min.js HTTP/1.1" 304 0
"GET /static/rest_framework/js/ajax-form.js HTTP/1.1" 304 0
"GET /static/rest_framework/js/csrf.js HTTP/1.1" 304 0
"GET /static/rest_framework/js/prettify-min.js HTTP/1.1" 304 0
"GET /static/rest_framework/js/bootstrap.min.js HTTP/1.1" 304 0
"GET /static/rest_framework/js/default.js HTTP/1.1" 304 0
"GET /static/rest_framework/img/grid.png HTTP/1.1" 304 0
